<?xml version="1.0" encoding="UTF-8"?>
<testng-results ignored="0" total="1" passed="1" failed="0" skipped="0">
  <reporter-output>
  </reporter-output>
  <suite started-at="2022-05-07T13:37:48 IST" name="Default suite" finished-at="2022-05-07T13:39:02 IST" duration-ms="74639">
    <groups>
    </groups>
    <test started-at="2022-05-07T13:37:48 IST" name="Default test" finished-at="2022-05-07T13:39:02 IST" duration-ms="74639">
      <class name="testcases.TestCase">
        <test-method is-config="true" signature="initialize()[pri:0, instance:testcases.TestCase@4b8ee4de]" started-at="2022-05-07T13:37:48 IST" name="initialize" finished-at="2022-05-07T13:38:03 IST" duration-ms="15108" status="PASS">
          <reporter-output>
          </reporter-output>
        </test-method> <!-- initialize -->
        <test-method signature="TC_001()[pri:0, instance:testcases.TestCase@4b8ee4de]" started-at="2022-05-07T13:38:03 IST" name="TC_001" finished-at="2022-05-07T13:39:02 IST" duration-ms="58953" status="PASS">
          <reporter-output>
          </reporter-output>
        </test-method> <!-- TC_001 -->
        <test-method is-config="true" signature="teardown()[pri:0, instance:testcases.TestCase@4b8ee4de]" started-at="2022-05-07T13:39:02 IST" name="teardown" finished-at="2022-05-07T13:39:02 IST" duration-ms="441" status="PASS">
          <reporter-output>
          </reporter-output>
        </test-method> <!-- teardown -->
      </class> <!-- testcases.TestCase -->
    </test> <!-- Default test -->
  </suite> <!-- Default suite -->
</testng-results>
